Traceback (most recent call last):
  File "/opt/hostedtoolcache/Python/3.11.9/x64/lib/python3.11/site-packages/jupyter_cache/executors/utils.py", line 58, in single_nb_execution
    executenb(
  File "/opt/hostedtoolcache/Python/3.11.9/x64/lib/python3.11/site-packages/nbclient/client.py", line 1314, in execute
    return NotebookClient(nb=nb, resources=resources, km=km, **kwargs).execute()
           ^^^^^^^^^^^^^^^^^^^^^^^^^^^^^^^^^^^^^^^^^^^^^^^^^^^^^^^^^^^^^^^^^^^^^
  File "/opt/hostedtoolcache/Python/3.11.9/x64/lib/python3.11/site-packages/jupyter_core/utils/__init__.py", line 165, in wrapped
    return loop.run_until_complete(inner)
           ^^^^^^^^^^^^^^^^^^^^^^^^^^^^^^
  File "/opt/hostedtoolcache/Python/3.11.9/x64/lib/python3.11/asyncio/base_events.py", line 654, in run_until_complete
    return future.result()
           ^^^^^^^^^^^^^^^
  File "/opt/hostedtoolcache/Python/3.11.9/x64/lib/python3.11/site-packages/nbclient/client.py", line 709, in async_execute
    await self.async_execute_cell(
  File "/opt/hostedtoolcache/Python/3.11.9/x64/lib/python3.11/site-packages/nbclient/client.py", line 1062, in async_execute_cell
    await self._check_raise_for_error(cell, cell_index, exec_reply)
  File "/opt/hostedtoolcache/Python/3.11.9/x64/lib/python3.11/site-packages/nbclient/client.py", line 918, in _check_raise_for_error
    raise CellExecutionError.from_cell_and_msg(cell, exec_reply_content)
nbclient.exceptions.CellExecutionError: An error occurred while executing the following cell:
------------------
import numpy as np
from particula.next.gas_species import GasSpeciesBuilder
from particula.next.particle import Particle, particle_strategy_factory
from particula.next.aerosol import Aerosol
from particula.next.gas_vapor_pressure import vapor_pressure_factory
from particula.next.particle_activity import particle_activity_strategy_factory
from particula.next.surface import surface_strategy_factory

# Create a Gas instance
# Define the coefficients for Butanol using the Antoine equation.
butanol_coefficients = {'a': 7.838, 'b': 1558.19, 'c': 196.881}
butanol_antione = vapor_pressure_factory(
    strategy='antoine', **butanol_coefficients)
styrene_coefficients = {'a': 6.924, 'b': 1420, 'c': 226}
styrene_antione = vapor_pressure_factory(
    strategy='antoine', **styrene_coefficients)
# Water uses a different model for vapor pressure calculation called the
# Buck equation.
water_buck = vapor_pressure_factory(
    strategy='water_buck')

# gas species
molar_mass = np.array([0.018, 0.074121, 104.15e-3])
vapor_pressure = [butanol_antione, styrene_antione]
concentration = np.array([0.017, 2e-6, 1e-9])
names = np.array(["water", "butanol", "styrene"])
gas_species = GasSpeciesBuilder() \
    .name(names) \
    .molar_mass(molar_mass) \
    .vapor_pressure_strategy(vapor_pressure) \
    .condensable(True) \
    .concentration(concentration) \
    .build()

# particle distribution
particle_distribution = np.array([0.1, 0.2, 0.3, 0.4, 0.5]) * 1e-6
particle_density = 1.0e3
particle_concentration = np.ones_like(particle_distribution) * 1e6

particle = Particle(
    strategy=particle_strategy_factory("radii_based_moving_bin"),
    activity=particle_activity_strategy_factory(),
    surface=surface_strategy_factory(),
    distribution=particle_distribution,
    density=particle_density,
    concentration=particle_concentration
)

# Create an Aerosol instance
aerosol = Aerosol(gas=gas_species, particles=particle)

# Accessing dynamically attached methods and properties
# Example method call, assuming such a method exists
print(f"Gas mass: {aerosol.gas}")
print(f"Particle mass: {aerosol.particles[0].get_total_mass()}")
------------------


[0;31m---------------------------------------------------------------------------[0m
[0;31mModuleNotFoundError[0m                       Traceback (most recent call last)
Cell [0;32mIn[1], line 2[0m
[1;32m      1[0m [38;5;28;01mimport[39;00m [38;5;21;01mnumpy[39;00m [38;5;28;01mas[39;00m [38;5;21;01mnp[39;00m
[0;32m----> 2[0m [38;5;28;01mfrom[39;00m [38;5;21;01mparticula[39;00m[38;5;21;01m.[39;00m[38;5;21;01mnext[39;00m[38;5;21;01m.[39;00m[38;5;21;01mgas_species[39;00m [38;5;28;01mimport[39;00m GasSpeciesBuilder
[1;32m      3[0m [38;5;28;01mfrom[39;00m [38;5;21;01mparticula[39;00m[38;5;21;01m.[39;00m[38;5;21;01mnext[39;00m[38;5;21;01m.[39;00m[38;5;21;01mparticle[39;00m [38;5;28;01mimport[39;00m Particle, particle_strategy_factory
[1;32m      4[0m [38;5;28;01mfrom[39;00m [38;5;21;01mparticula[39;00m[38;5;21;01m.[39;00m[38;5;21;01mnext[39;00m[38;5;21;01m.[39;00m[38;5;21;01maerosol[39;00m [38;5;28;01mimport[39;00m Aerosol

[0;31mModuleNotFoundError[0m: No module named 'particula.next.gas_species'

