Traceback (most recent call last):
  File "/opt/hostedtoolcache/Python/3.7.12/x64/lib/python3.7/site-packages/jupyter_cache/executors/utils.py", line 56, in single_nb_execution
    record_timing=False,
  File "/opt/hostedtoolcache/Python/3.7.12/x64/lib/python3.7/site-packages/nbclient/client.py", line 1093, in execute
    return NotebookClient(nb=nb, resources=resources, km=km, **kwargs).execute()
  File "/opt/hostedtoolcache/Python/3.7.12/x64/lib/python3.7/site-packages/nbclient/util.py", line 84, in wrapped
    return just_run(coro(*args, **kwargs))
  File "/opt/hostedtoolcache/Python/3.7.12/x64/lib/python3.7/site-packages/nbclient/util.py", line 62, in just_run
    return loop.run_until_complete(coro)
  File "/opt/hostedtoolcache/Python/3.7.12/x64/lib/python3.7/asyncio/base_events.py", line 587, in run_until_complete
    return future.result()
  File "/opt/hostedtoolcache/Python/3.7.12/x64/lib/python3.7/site-packages/nbclient/client.py", line 560, in async_execute
    cell, index, execution_count=self.code_cells_executed + 1
  File "/opt/hostedtoolcache/Python/3.7.12/x64/lib/python3.7/site-packages/nbclient/client.py", line 854, in async_execute_cell
    self._check_raise_for_error(cell, exec_reply)
  File "/opt/hostedtoolcache/Python/3.7.12/x64/lib/python3.7/site-packages/nbclient/client.py", line 756, in _check_raise_for_error
    raise CellExecutionError.from_cell_and_msg(cell, exec_reply_content)
nbclient.exceptions.CellExecutionError: An error occurred while executing the following cell:
------------------
particle_a.coulomb_potential_ratio(particle_b)
------------------

[0;31m---------------------------------------------------------------------------[0m
[0;31mTypeError[0m                                 Traceback (most recent call last)
[0;32m/tmp/ipykernel_1700/1795841852.py[0m in [0;36m<module>[0;34m[0m
[0;32m----> 1[0;31m [0mparticle_a[0m[0;34m.[0m[0mcoulomb_potential_ratio[0m[0;34m([0m[0mparticle_b[0m[0;34m)[0m[0;34m[0m[0;34m[0m[0m
[0m
[0;32m/opt/hostedtoolcache/Python/3.7.12/x64/lib/python3.7/site-packages/pint/registry_helpers.py[0m in [0;36mwrapper[0;34m(*values, **kw)[0m
[1;32m    273[0m         [0;32mdef[0m [0mwrapper[0m[0;34m([0m[0;34m*[0m[0mvalues[0m[0;34m,[0m [0;34m**[0m[0mkw[0m[0;34m)[0m [0;34m->[0m [0mQuantity[0m[0;34m[[0m[0mT[0m[0;34m][0m[0;34m:[0m[0;34m[0m[0;34m[0m[0m
[1;32m    274[0m [0;34m[0m[0m
[0;32m--> 275[0;31m             [0mvalues[0m[0;34m,[0m [0mkw[0m [0;34m=[0m [0m_apply_defaults[0m[0;34m([0m[0mfunc[0m[0;34m,[0m [0mvalues[0m[0;34m,[0m [0mkw[0m[0;34m)[0m[0;34m[0m[0;34m[0m[0m
[0m[1;32m    276[0m [0;34m[0m[0m
[1;32m    277[0m             [0;31m# In principle, the values are used as is[0m[0;34m[0m[0;34m[0m[0;34m[0m[0m

[0;32m/opt/hostedtoolcache/Python/3.7.12/x64/lib/python3.7/site-packages/pint/registry_helpers.py[0m in [0;36m_apply_defaults[0;34m(func, args, kwargs)[0m
[1;32m    177[0m [0;34m[0m[0m
[1;32m    178[0m     [0msig[0m [0;34m=[0m [0msignature[0m[0;34m([0m[0mfunc[0m[0;34m)[0m[0;34m[0m[0;34m[0m[0m
[0;32m--> 179[0;31m     [0mbound_arguments[0m [0;34m=[0m [0msig[0m[0;34m.[0m[0mbind[0m[0;34m([0m[0;34m*[0m[0margs[0m[0;34m,[0m [0;34m**[0m[0mkwargs[0m[0;34m)[0m[0;34m[0m[0;34m[0m[0m
[0m[1;32m    180[0m     [0;32mfor[0m [0mparam[0m [0;32min[0m [0msig[0m[0;34m.[0m[0mparameters[0m[0;34m.[0m[0mvalues[0m[0;34m([0m[0;34m)[0m[0;34m:[0m[0;34m[0m[0;34m[0m[0m
[1;32m    181[0m         [0;32mif[0m [0mparam[0m[0;34m.[0m[0mname[0m [0;32mnot[0m [0;32min[0m [0mbound_arguments[0m[0;34m.[0m[0marguments[0m[0;34m:[0m[0;34m[0m[0;34m[0m[0m

[0;32m/opt/hostedtoolcache/Python/3.7.12/x64/lib/python3.7/inspect.py[0m in [0;36mbind[0;34m(*args, **kwargs)[0m
[1;32m   3013[0m         [0;32mif[0m [0mthe[0m [0mpassed[0m [0marguments[0m [0mcan[0m [0;32mnot[0m [0mbe[0m [0mbound[0m[0;34m.[0m[0;34m[0m[0;34m[0m[0m
[1;32m   3014[0m         """
[0;32m-> 3015[0;31m         [0;32mreturn[0m [0margs[0m[0;34m[[0m[0;36m0[0m[0;34m][0m[0;34m.[0m[0m_bind[0m[0;34m([0m[0margs[0m[0;34m[[0m[0;36m1[0m[0;34m:[0m[0;34m][0m[0;34m,[0m [0mkwargs[0m[0;34m)[0m[0;34m[0m[0;34m[0m[0m
[0m[1;32m   3016[0m [0;34m[0m[0m
[1;32m   3017[0m     [0;32mdef[0m [0mbind_partial[0m[0;34m([0m[0;34m*[0m[0margs[0m[0;34m,[0m [0;34m**[0m[0mkwargs[0m[0;34m)[0m[0;34m:[0m[0;34m[0m[0;34m[0m[0m

[0;32m/opt/hostedtoolcache/Python/3.7.12/x64/lib/python3.7/inspect.py[0m in [0;36m_bind[0;34m(self, args, kwargs, partial)[0m
[1;32m   2928[0m                             [0mmsg[0m [0;34m=[0m [0;34m'missing a required argument: {arg!r}'[0m[0;34m[0m[0;34m[0m[0m
[1;32m   2929[0m                             [0mmsg[0m [0;34m=[0m [0mmsg[0m[0;34m.[0m[0mformat[0m[0;34m([0m[0marg[0m[0;34m=[0m[0mparam[0m[0;34m.[0m[0mname[0m[0;34m)[0m[0;34m[0m[0;34m[0m[0m
[0;32m-> 2930[0;31m                             [0;32mraise[0m [0mTypeError[0m[0;34m([0m[0mmsg[0m[0;34m)[0m [0;32mfrom[0m [0;32mNone[0m[0;34m[0m[0;34m[0m[0m
[0m[1;32m   2931[0m             [0;32melse[0m[0;34m:[0m[0;34m[0m[0;34m[0m[0m
[1;32m   2932[0m                 [0;31m# We have a positional argument to process[0m[0;34m[0m[0;34m[0m[0;34m[0m[0m

[0;31mTypeError[0m: missing a required argument: 'environment'
TypeError: missing a required argument: 'environment'

