Traceback (most recent call last):
  File "/opt/hostedtoolcache/Python/3.11.6/x64/lib/python3.11/site-packages/jupyter_cache/executors/utils.py", line 58, in single_nb_execution
    executenb(
  File "/opt/hostedtoolcache/Python/3.11.6/x64/lib/python3.11/site-packages/nbclient/client.py", line 1305, in execute
    return NotebookClient(nb=nb, resources=resources, km=km, **kwargs).execute()
           ^^^^^^^^^^^^^^^^^^^^^^^^^^^^^^^^^^^^^^^^^^^^^^^^^^^^^^^^^^^^^^^^^^^^^
  File "/opt/hostedtoolcache/Python/3.11.6/x64/lib/python3.11/site-packages/jupyter_core/utils/__init__.py", line 173, in wrapped
    return loop.run_until_complete(inner)
           ^^^^^^^^^^^^^^^^^^^^^^^^^^^^^^
  File "/opt/hostedtoolcache/Python/3.11.6/x64/lib/python3.11/asyncio/base_events.py", line 653, in run_until_complete
    return future.result()
           ^^^^^^^^^^^^^^^
  File "/opt/hostedtoolcache/Python/3.11.6/x64/lib/python3.11/site-packages/nbclient/client.py", line 705, in async_execute
    await self.async_execute_cell(
  File "/opt/hostedtoolcache/Python/3.11.6/x64/lib/python3.11/site-packages/nbclient/client.py", line 1058, in async_execute_cell
    await self._check_raise_for_error(cell, cell_index, exec_reply)
  File "/opt/hostedtoolcache/Python/3.11.6/x64/lib/python3.11/site-packages/nbclient/client.py", line 914, in _check_raise_for_error
    raise CellExecutionError.from_cell_and_msg(cell, exec_reply_content)
nbclient.exceptions.CellExecutionError: An error occurred while executing the following cell:
------------------
lake_averaged = lake_stats.average_std(
    lake=lake,
    average_interval=600,
    clone=True)

print(lake_averaged)
------------------


[0;31m---------------------------------------------------------------------------[0m
[0;31mValueError[0m                                Traceback (most recent call last)
Cell [0;32mIn[9], line 1[0m
[0;32m----> 1[0m lake_averaged [38;5;241m=[39m [43mlake_stats[49m[38;5;241;43m.[39;49m[43maverage_std[49m[43m([49m
[1;32m      2[0m [43m    [49m[43mlake[49m[38;5;241;43m=[39;49m[43mlake[49m[43m,[49m
[1;32m      3[0m [43m    [49m[43maverage_interval[49m[38;5;241;43m=[39;49m[38;5;241;43m600[39;49m[43m,[49m
[1;32m      4[0m [43m    [49m[43mclone[49m[38;5;241;43m=[39;49m[38;5;28;43;01mTrue[39;49;00m[43m)[49m
[1;32m      6[0m [38;5;28mprint[39m(lake_averaged)

File [0;32m/opt/hostedtoolcache/Python/3.11.6/x64/lib/python3.11/site-packages/particula/data/lake_stats.py:24[0m, in [0;36maverage_std[0;34m(lake, average_interval, new_time_array, clone)[0m
[1;32m     22[0m [38;5;66;03m# iterate over streams in lake[39;00m
[1;32m     23[0m [38;5;28;01mfor[39;00m name, stream [38;5;129;01min[39;00m lake[38;5;241m.[39mitems():
[0;32m---> 24[0m     lake_averaged[name] [38;5;241m=[39m [43mstream_stats[49m[38;5;241;43m.[39;49m[43maverage_std[49m[43m([49m
[1;32m     25[0m [43m        [49m[43mstream[49m[38;5;241;43m=[39;49m[43mstream[49m[43m,[49m
[1;32m     26[0m [43m        [49m[43maverage_interval[49m[38;5;241;43m=[39;49m[43maverage_interval[49m[43m,[49m
[1;32m     27[0m [43m        [49m[43mnew_time_array[49m[38;5;241;43m=[39;49m[43mnew_time_array[49m[43m,[49m
[1;32m     28[0m [43m    [49m[43m)[49m
[1;32m     29[0m [38;5;28;01mreturn[39;00m lake_averaged

File [0;32m/opt/hostedtoolcache/Python/3.11.6/x64/lib/python3.11/site-packages/particula/data/stream_stats.py:81[0m, in [0;36maverage_std[0;34m(stream, average_interval, new_time_array)[0m
[1;32m     78[0m std [38;5;241m=[39m np[38;5;241m.[39mzeros_like(average)
[1;32m     80[0m [38;5;66;03m# average data[39;00m
[0;32m---> 81[0m average, std [38;5;241m=[39m [43mstats[49m[38;5;241;43m.[39;49m[43maverage_to_interval[49m[43m([49m
[1;32m     82[0m [43m    [49m[43mtime_raw[49m[38;5;241;43m=[39;49m[43mstream[49m[38;5;241;43m.[39;49m[43mtime[49m[43m,[49m
[1;32m     83[0m [43m    [49m[43mdata_raw[49m[38;5;241;43m=[39;49m[43mstream[49m[38;5;241;43m.[39;49m[43mdata[49m[43m,[49m
[1;32m     84[0m [43m    [49m[43maverage_interval[49m[38;5;241;43m=[39;49m[43maverage_interval[49m[43m,[49m
[1;32m     85[0m [43m    [49m[43maverage_interval_array[49m[38;5;241;43m=[39;49m[43mnew_time_array[49m[43m,[49m
[1;32m     86[0m [43m    [49m[43maverage_data[49m[38;5;241;43m=[39;49m[43maverage[49m[43m,[49m
[1;32m     87[0m [43m    [49m[43maverage_data_std[49m[38;5;241;43m=[39;49m[43mstd[49m[43m,[49m
[1;32m     88[0m [43m[49m[43m)[49m
[1;32m     89[0m [38;5;66;03m# write to new StreamAveraged object and return[39;00m
[1;32m     90[0m [38;5;28;01mreturn[39;00m StreamAveraged(
[1;32m     91[0m     header[38;5;241m=[39mstream[38;5;241m.[39mheader,
[1;32m     92[0m     data[38;5;241m=[39maverage,
[0;32m   (...)[0m
[1;32m     98[0m     standard_deviation[38;5;241m=[39mstd,
[1;32m     99[0m )

File [0;32m/opt/hostedtoolcache/Python/3.11.6/x64/lib/python3.11/site-packages/particula/util/stats.py:225[0m, in [0;36maverage_to_interval[0;34m(time_raw, data_raw, average_interval, average_interval_array, average_data, average_data_std)[0m
[1;32m    221[0m         stop_index [38;5;241m=[39m [38;5;28mlen[39m(time_raw)
[1;32m    223[0m [38;5;28;01mif[39;00m start_index [38;5;241m<[39m stop_index:
[1;32m    224[0m     [38;5;66;03m# average the data in the time interval[39;00m
[0;32m--> 225[0m     [43maverage_data[49m[43m[[49m[43mi[49m[43m [49m[38;5;241;43m-[39;49m[43m [49m[38;5;241;43m1[39;49m[43m,[49m[43m [49m[43m:[49m[43m][49m [38;5;241m=[39m np[38;5;241m.[39mnanmean(
[1;32m    226[0m         data_raw[start_index:stop_index, :], axis[38;5;241m=[39m[38;5;241m1[39m
[1;32m    227[0m     )  [38;5;66;03m# the actual averaging of data is here[39;00m
[1;32m    228[0m     average_data_std[i [38;5;241m-[39m [38;5;241m1[39m, :] [38;5;241m=[39m np[38;5;241m.[39mnanstd(
[1;32m    229[0m         data_raw[start_index:stop_index, :], axis[38;5;241m=[39m[38;5;241m1[39m
[1;32m    230[0m     )  [38;5;66;03m# the actual std data is here[39;00m
[1;32m    231[0m [38;5;28;01melse[39;00m:

[0;31mValueError[0m: could not broadcast input array from shape (189,) into shape (2,)

