Traceback (most recent call last):
  File "/opt/hostedtoolcache/Python/3.11.8/x64/lib/python3.11/site-packages/jupyter_cache/executors/utils.py", line 58, in single_nb_execution
    executenb(
  File "/opt/hostedtoolcache/Python/3.11.8/x64/lib/python3.11/site-packages/nbclient/client.py", line 1314, in execute
    return NotebookClient(nb=nb, resources=resources, km=km, **kwargs).execute()
           ^^^^^^^^^^^^^^^^^^^^^^^^^^^^^^^^^^^^^^^^^^^^^^^^^^^^^^^^^^^^^^^^^^^^^
  File "/opt/hostedtoolcache/Python/3.11.8/x64/lib/python3.11/site-packages/jupyter_core/utils/__init__.py", line 165, in wrapped
    return loop.run_until_complete(inner)
           ^^^^^^^^^^^^^^^^^^^^^^^^^^^^^^
  File "/opt/hostedtoolcache/Python/3.11.8/x64/lib/python3.11/asyncio/base_events.py", line 654, in run_until_complete
    return future.result()
           ^^^^^^^^^^^^^^^
  File "/opt/hostedtoolcache/Python/3.11.8/x64/lib/python3.11/site-packages/nbclient/client.py", line 709, in async_execute
    await self.async_execute_cell(
  File "/opt/hostedtoolcache/Python/3.11.8/x64/lib/python3.11/site-packages/nbclient/client.py", line 1062, in async_execute_cell
    await self._check_raise_for_error(cell, cell_index, exec_reply)
  File "/opt/hostedtoolcache/Python/3.11.8/x64/lib/python3.11/site-packages/nbclient/client.py", line 918, in _check_raise_for_error
    raise CellExecutionError.from_cell_and_msg(cell, exec_reply_content)
nbclient.exceptions.CellExecutionError: An error occurred while executing the following cell:
------------------
import numpy as np
from particula.base.gas import GasSpecies, Gas
from particula.base.particle import Particle, create_particle_strategy
from particula.base.aerosol import Aerosol

# Create a Gas instance
air = Gas()
air.add_species(
    name="Oxygen",
    mass=32,
    vapor_pressure=0.21,
    condensable=False)
air.add_species(
    name="Water Vapor",
    mass=18,
    vapor_pressure=2.3,
    condensable=True)

# Example particle sizes in meters
particle_distribution = np.array([1e-9, 2e-9, 3e-9], dtype=np.float64)
particle_density = np.float64(1000)  # Example density in kg/m^3
particle_concentration = np.array(
    [1000, 2000, 3000], dtype=np.float64)  # Example concentrations

particle = Particle(
    strategy=create_particle_strategy("radii_based"),
    distribution=particle_distribution,
    density=particle_density,
    concentration=particle_concentration
)

# Create an Aerosol instance
aerosol = Aerosol(gas=air, particle=particle)

# Accessing dynamically attached methods and properties
# Example method call, assuming such a method exists
print(f"Gas mass: {aerosol.gas_get_mass()}")
print(f"Particle mass: {aerosol.particle_get_total_mass()}")
------------------


[0;31m---------------------------------------------------------------------------[0m
[0;31mModuleNotFoundError[0m                       Traceback (most recent call last)
Cell [0;32mIn[1], line 2[0m
[1;32m      1[0m [38;5;28;01mimport[39;00m [38;5;21;01mnumpy[39;00m [38;5;28;01mas[39;00m [38;5;21;01mnp[39;00m
[0;32m----> 2[0m [38;5;28;01mfrom[39;00m [38;5;21;01mparticula[39;00m[38;5;21;01m.[39;00m[38;5;21;01mbase[39;00m[38;5;21;01m.[39;00m[38;5;21;01mgas[39;00m [38;5;28;01mimport[39;00m GasSpecies, Gas
[1;32m      3[0m [38;5;28;01mfrom[39;00m [38;5;21;01mparticula[39;00m[38;5;21;01m.[39;00m[38;5;21;01mbase[39;00m[38;5;21;01m.[39;00m[38;5;21;01mparticle[39;00m [38;5;28;01mimport[39;00m Particle, create_particle_strategy
[1;32m      4[0m [38;5;28;01mfrom[39;00m [38;5;21;01mparticula[39;00m[38;5;21;01m.[39;00m[38;5;21;01mbase[39;00m[38;5;21;01m.[39;00m[38;5;21;01maerosol[39;00m [38;5;28;01mimport[39;00m Aerosol

[0;31mModuleNotFoundError[0m: No module named 'particula.base'

